#
# A fatal error has been detected by the Java Runtime Environment:
#
#  EXCEPTION_ACCESS_VIOLATION (0xc0000005) at pc=0x612e1ed7, pid=14192, tid=0x00003454
#
# JRE version: Java(TM) SE Runtime Environment (8.0_171-b11) (build 1.8.0_171-b11)
# Java VM: Java HotSpot(TM) Client VM (25.171-b11 mixed mode windows-x86 )
# Problematic frame:
# C  [msvcr100.dll+0x1ed7]
#
# Failed to write core dump. Minidumps are not enabled by default on client versions of Windows
#
# If you would like to submit a bug report, please visit:
#   http://bugreport.java.com/bugreport/crash.jsp
#

---------------  T H R E A D  ---------------

Current thread (0x18414c00):  JavaThread "Timer-0" [_thread_in_vm, id=13396, stack(0x23890000,0x238e0000)]

siginfo: ExceptionCode=0xc0000005, writing address 0x00000000

Registers:
EAX=0x0770c8bc, EBX=0x2360f628, ECX=0x000009c4, EDX=0x00000000
ESP=0x238df6e0, EBP=0x238df6e8, ESI=0x0770a1ac, EDI=0x00000000
EIP=0x612e1ed7, EFLAGS=0x00010212

Top of Stack: (sp=0x238df6e0)
0x238df6e0:   00000000 18414c00 238df718 65c967d1
0x238df6f0:   00000000 0770a1ac 00002710 18414c00
0x238df700:   2360f628 2360f628 18414c00 00000000
0x238df710:   00000000 00000000 238df738 60b513a8
0x238df720:   18414d40 18389b3c 00000000 00001388
0x238df730:   00000000 18414d40 238df778 60b511fc
0x238df740:   18389b3c 00000000 00001388 00000000
0x238df750:   184889c4 184889c0 184889bc 184889b8 

Instructions: (pc=0x612e1ed7)
0x612e1eb7:   e6 0f 3b fe 5e 5f 75 05 e9 35 eb 00 00 f7 c7 03
0x612e1ec7:   00 00 00 75 14 c1 e9 02 83 e2 03 83 f9 08 72 29
0x612e1ed7:   f3 a5 ff 24 95 f0 1f 2e 61 8b c7 ba 03 00 00 00
0x612e1ee7:   83 e9 04 72 0c 83 e0 03 03 c8 ff 24 85 04 1f 2e 


Register to memory mapping:

EAX=0x0770c8bc is pointing into object: 0x0770a1a0
[C 
 - klass: {type array char}
 - length: 5000
EBX={method} {0x2360f62c} 'inventory_G2' '(Lbeans/InventoryBean;)I' in 'helper/UHFHelper'
ECX=0x000009c4 is an unknown value
EDX=0x00000000 is an unknown value
ESP=0x238df6e0 is pointing into the stack for thread: 0x18414c00
EBP=0x238df6e8 is pointing into the stack for thread: 0x18414c00
ESI=0x0770a1ac is pointing into object: 0x0770a1a0
[C 
 - klass: {type array char}
 - length: 5000
EDI=0x00000000 is an unknown value


Stack: [0x23890000,0x238e0000],  sp=0x238df6e0,  free space=317k
Native frames: (J=compiled Java code, j=interpreted, Vv=VM code, C=native code)
C  [msvcr100.dll+0x1ed7]
V  [jvm.dll+0xe67d1]
C  0x60b513a8
C  0x60b511fc
j  helper.UHFHelper.inventory_G2(Lbeans/InventoryBean;)I+0
j  goods.CheckInBox$1.run()V+18
j  java.util.TimerThread.mainLoop()V+221
j  java.util.TimerThread.run()V+1
v  ~StubRoutines::call_stub
V  [jvm.dll+0x15b985]
V  [jvm.dll+0x22262e]
V  [jvm.dll+0x15ba1e]
V  [jvm.dll+0x15bba6]
V  [jvm.dll+0x15bc17]
V  [jvm.dll+0xffb3f]
V  [jvm.dll+0x17eb50]
V  [jvm.dll+0x17f3ca]
V  [jvm.dll+0x1c3fe6]
C  [msvcr100.dll+0x5c556]
C  [msvcr100.dll+0x5c600]
C  [KERNEL32.DLL+0x18654]
C  [ntdll.dll+0x64a77]
C  [ntdll.dll+0x64a47]
C  0x00000000

Java frames: (J=compiled Java code, j=interpreted, Vv=VM code)
j  helper.UHFHelper.inventory_G2(Lbeans/InventoryBean;)I+0
j  goods.CheckInBox$1.run()V+18
j  java.util.TimerThread.mainLoop()V+221
j  java.util.TimerThread.run()V+1
v  ~StubRoutines::call_stub

---------------  P R O C E S S  ---------------

Java Threads: ( => current thread )
=>0x18414c00 JavaThread "Timer-0" [_thread_in_vm, id=13396, stack(0x23890000,0x238e0000)]
  0x18430000 JavaThread "Keep-Alive-Timer" daemon [_thread_blocked, id=12608, stack(0x23540000,0x23590000)]
  0x18182800 JavaThread "Prism Font Disposer" daemon [_thread_blocked, id=12000, stack(0x20700000,0x20750000)]
  0x18180c00 JavaThread "Thread-3" daemon [_thread_in_native, id=5880, stack(0x1ca30000,0x1ca80000)]
  0x18154c00 JavaThread "JavaFX-Launcher" [_thread_blocked, id=3092, stack(0x1cac0000,0x1cb10000)]
  0x17747400 JavaThread "JavaFX Application Thread" [_thread_blocked, id=11440, stack(0x18640000,0x18690000)]
  0x17730c00 JavaThread "Thread-1" daemon [_thread_blocked, id=14932, stack(0x185f0000,0x18640000)]
  0x1771c800 JavaThread "QuantumRenderer-0" daemon [_thread_in_native, id=13136, stack(0x17c70000,0x17cc0000)]
  0x175db800 JavaThread "Service Thread" daemon [_thread_blocked, id=5256, stack(0x17b50000,0x17ba0000)]
  0x175b4800 JavaThread "C1 CompilerThread0" daemon [_thread_blocked, id=3328, stack(0x17ac0000,0x17b10000)]
  0x175b3800 JavaThread "Attach Listener" daemon [_thread_blocked, id=10392, stack(0x17a30000,0x17a80000)]
  0x175b2c00 JavaThread "Signal Dispatcher" daemon [_thread_blocked, id=4620, stack(0x179a0000,0x179f0000)]
  0x1756a400 JavaThread "Finalizer" daemon [_thread_blocked, id=2320, stack(0x17820000,0x17870000)]
  0x17554800 JavaThread "Reference Handler" daemon [_thread_blocked, id=1568, stack(0x17790000,0x177e0000)]
  0x031fd800 JavaThread "main" [_thread_blocked, id=15292, stack(0x03240000,0x03290000)]

Other Threads:
  0x04b6d800 VMThread [stack: 0x17500000,0x17550000] [id=1880]
  0x175ea400 WatcherThread [stack: 0x17be0000,0x17c30000] [id=12872]

VM state:not at safepoint (normal execution)

VM Mutex/Monitor currently owned by a thread: None

Heap:
 def new generation   total 7040K, used 2866K [0x07000000, 0x077a0000, 0x0c550000)
  eden space 6272K,  33% used [0x07000000, 0x0720cba0, 0x07620000)
  from space 768K, 100% used [0x076e0000, 0x077a0000, 0x077a0000)
  to   space 768K,   0% used [0x07620000, 0x07620000, 0x076e0000)
 tenured generation   total 15556K, used 10014K [0x0c550000, 0x0d481000, 0x17000000)
   the space 15556K,  64% used [0x0c550000, 0x0cf178d0, 0x0cf17a00, 0x0d481000)
 Metaspace       used 12360K, capacity 13153K, committed 13184K, reserved 13696K

Card table byte_map: [0x06f40000,0x06fd0000] byte_map_base: 0x06f08000

Polling page: 0x031c0000

CodeCache: size=32768Kb used=2108Kb max_used=2108Kb free=30659Kb
 bounds [0x04ec0000, 0x050d0000, 0x06ec0000]
 total_blobs=1489 nmethods=1069 adapters=350
 compilation: enabled

Compilation events (10 events):
Event: 11.694 Thread 0x175b4800 1034             java.lang.Class::arrayContentsEq (70 bytes)
Event: 11.694 Thread 0x175b4800 nmethod 1034 0x050c16c8 code [0x050c17d0, 0x050c1940]
Event: 11.695 Thread 0x175b4800 1035             java.lang.reflect.Method::getParameterTypes (11 bytes)
Event: 11.695 Thread 0x175b4800 nmethod 1035 0x050c1a48 code [0x050c1b50, 0x050c1c0c]
Event: 11.696 Thread 0x175b4800 1036             java.util.ArrayList::<init> (61 bytes)
Event: 11.696 Thread 0x175b4800 nmethod 1036 0x050c1c88 code [0x050c1dc0, 0x050c20f0]
Event: 11.697 Thread 0x175b4800 1037             javafx.fxml.FXMLLoader::toSupportedType (39 bytes)
Event: 11.697 Thread 0x175b4800 nmethod 1037 0x050c22c8 code [0x050c23e0, 0x050c2518]
Event: 11.701 Thread 0x175b4800 1038             javafx.beans.property.ReadOnlyDoubleProperty::<init> (5 bytes)
Event: 11.701 Thread 0x175b4800 nmethod 1038 0x050c2648 code [0x050c2740, 0x050c27d0]

GC Heap History (10 events):
Event: 5.361 GC heap before
{Heap before GC invocations=6 (full 0):
 def new generation   total 4928K, used 4928K [0x07000000, 0x07550000, 0x0c550000)
  eden space 4416K, 100% used [0x07000000, 0x07450000, 0x07450000)
  from space 512K, 100% used [0x07450000, 0x074d0000, 0x074d0000)
  to   space 512K,   0% used [0x074d0000, 0x074d0000, 0x07550000)
 tenured generation   total 10944K, used 3736K [0x0c550000, 0x0d000000, 0x17000000)
   the space 10944K,  34% used [0x0c550000, 0x0c8f60f0, 0x0c8f6200, 0x0d000000)
 Metaspace       used 9335K, capacity 9875K, committed 9984K, reserved 10624K
Event: 5.367 GC heap after
Heap after GC invocations=7 (full 0):
 def new generation   total 4928K, used 114K [0x07000000, 0x07550000, 0x0c550000)
  eden space 4416K,   0% used [0x07000000, 0x07000000, 0x07450000)
  from space 512K,  22% used [0x074d0000, 0x074eca78, 0x07550000)
  to   space 512K,   0% used [0x07450000, 0x07450000, 0x074d0000)
 tenured generation   total 10944K, used 7308K [0x0c550000, 0x0d000000, 0x17000000)
   the space 10944K,  66% used [0x0c550000, 0x0cc73040, 0x0cc73200, 0x0d000000)
 Metaspace       used 9335K, capacity 9875K, committed 9984K, reserved 10624K
}
Event: 9.616 GC heap before
{Heap before GC invocations=7 (full 0):
 def new generation   total 4928K, used 4530K [0x07000000, 0x07550000, 0x0c550000)
  eden space 4416K, 100% used [0x07000000, 0x07450000, 0x07450000)
  from space 512K,  22% used [0x074d0000, 0x074eca78, 0x07550000)
  to   space 512K,   0% used [0x07450000, 0x07450000, 0x074d0000)
 tenured generation   total 10944K, used 7308K [0x0c550000, 0x0d000000, 0x17000000)
   the space 10944K,  66% used [0x0c550000, 0x0cc73040, 0x0cc73200, 0x0d000000)
 Metaspace       used 10345K, capacity 10902K, committed 11008K, reserved 11648K
Event: 9.619 GC heap after
Heap after GC invocations=8 (full 0):
 def new generation   total 4928K, used 512K [0x07000000, 0x07550000, 0x0c550000)
  eden space 4416K,   0% used [0x07000000, 0x07000000, 0x07450000)
  from space 512K, 100% used [0x07450000, 0x074d0000, 0x074d0000)
  to   space 512K,   0% used [0x074d0000, 0x074d0000, 0x07550000)
 tenured generation   total 10944K, used 7665K [0x0c550000, 0x0d000000, 0x17000000)
   the space 10944K,  70% used [0x0c550000, 0x0cccc738, 0x0cccc800, 0x0d000000)
 Metaspace       used 10345K, capacity 10902K, committed 11008K, reserved 11648K
}
Event: 9.755 GC heap before
{Heap before GC invocations=8 (full 0):
 def new generation   total 4928K, used 4928K [0x07000000, 0x07550000, 0x0c550000)
  eden space 4416K, 100% used [0x07000000, 0x07450000, 0x07450000)
  from space 512K, 100% used [0x07450000, 0x074d0000, 0x074d0000)
  to   space 512K,   0% used [0x074d0000, 0x074d0000, 0x07550000)
 tenured generation   total 10944K, used 7665K [0x0c550000, 0x0d000000, 0x17000000)
   the space 10944K,  70% used [0x0c550000, 0x0cccc738, 0x0cccc800, 0x0d000000)
 Metaspace       used 11190K, capacity 11776K, committed 11904K, reserved 12672K
Event: 9.761 GC heap after
Heap after GC invocations=9 (full 0):
 def new generation   total 4928K, used 512K [0x07000000, 0x07550000, 0x0c550000)
  eden space 4416K,   0% used [0x07000000, 0x07000000, 0x07450000)
  from space 512K, 100% used [0x074d0000, 0x07550000, 0x07550000)
  to   space 512K,   0% used [0x07450000, 0x07450000, 0x074d0000)
 tenured generation   total 10944K, used 8548K [0x0c550000, 0x0d000000, 0x17000000)
   the space 10944K,  78% used [0x0c550000, 0x0cda9008, 0x0cda9200, 0x0d000000)
 Metaspace       used 11190K, capacity 11776K, committed 11904K, reserved 12672K
}
Event: 9.952 GC heap before
{Heap before GC invocations=9 (full 0):
 def new generation   total 4928K, used 4060K [0x07000000, 0x07550000, 0x0c550000)
  eden space 4416K,  80% used [0x07000000, 0x07377390, 0x07450000)
  from space 512K, 100% used [0x074d0000, 0x07550000, 0x07550000)
  to   space 512K,   0% used [0x07450000, 0x07450000, 0x074d0000)
 tenured generation   total 10944K, used 8548K [0x0c550000, 0x0d000000, 0x17000000)
   the space 10944K,  78% used [0x0c550000, 0x0cda9008, 0x0cda9200, 0x0d000000)
 Metaspace       used 11609K, capacity 12263K, committed 12288K, reserved 12672K
Event: 9.972 GC heap after
Heap after GC invocations=10 (full 1):
 def new generation   total 7040K, used 0K [0x07000000, 0x077a0000, 0x0c550000)
  eden space 6272K,   0% used [0x07000000, 0x07000000, 0x07620000)
  from space 768K,   0% used [0x07620000, 0x07620000, 0x076e0000)
  to   space 768K,   0% used [0x076e0000, 0x076e0000, 0x077a0000)
 tenured generation   total 15556K, used 9331K [0x0c550000, 0x0d481000, 0x17000000)
   the space 15556K,  59% used [0x0c550000, 0x0ce6cdf0, 0x0ce6ce00, 0x0d481000)
 Metaspace       used 11609K, capacity 12263K, committed 12288K, reserved 12672K
}
Event: 11.708 GC heap before
{Heap before GC invocations=10 (full 1):
 def new generation   total 7040K, used 6272K [0x07000000, 0x077a0000, 0x0c550000)
  eden space 6272K, 100% used [0x07000000, 0x07620000, 0x07620000)
  from space 768K,   0% used [0x07620000, 0x07620000, 0x076e0000)
  to   space 768K,   0% used [0x076e0000, 0x076e0000, 0x077a0000)
 tenured generation   total 15556K, used 9331K [0x0c550000, 0x0d481000, 0x17000000)
   the space 15556K,  59% used [0x0c550000, 0x0ce6cdf0, 0x0ce6ce00, 0x0d481000)
 Metaspace       used 12243K, capacity 12989K, committed 13056K, reserved 13696K
Event: 11.715 GC heap after
Heap after GC invocations=11 (full 1):
 def new generation   total 7040K, used 768K [0x07000000, 0x077a0000, 0x0c550000)
  eden space 6272K,   0% used [0x07000000, 0x07000000, 0x07620000)
  from space 768K, 100% used [0x076e0000, 0x077a0000, 0x077a0000)
  to   space 768K,   0% used [0x07620000, 0x07620000, 0x076e0000)
 tenured generation   total 15556K, used 10014K [0x0c550000, 0x0d481000, 0x17000000)
   the space 15556K,  64% used [0x0c550000, 0x0cf178d0, 0x0cf17a00, 0x0d481000)
 Metaspace       used 12243K, capacity 12989K, committed 13056K, reserved 13696K
}

Deoptimization events (0 events):
No events

Classes redefined (0 events):
No events

Internal exceptions (10 events):
Event: 0.722 Thread 0x17747400 Exception <a 'java/lang/ArrayIndexOutOfBoundsException': 18> (0x0717e588) thrown at [C:\re\workspace\8-2-build-windows-i586-cygwin\jdk8u171\10807\hotspot\src\share\vm\interpreter\interpreterRuntime.cpp, line 366]
Event: 0.723 Thread 0x17747400 Exception <a 'java/lang/ArrayIndexOutOfBoundsException': 86> (0x0717f6f0) thrown at [C:\re\workspace\8-2-build-windows-i586-cygwin\jdk8u171\10807\hotspot\src\share\vm\interpreter\interpreterRuntime.cpp, line 366]
Event: 9.590 Thread 0x183fec00 Exception <a 'java/lang/NoClassDefFoundError': org/apache/log4j/Category> (0x0735ca10) thrown at [C:\re\workspace\8-2-build-windows-i586-cygwin\jdk8u171\10807\hotspot\src\share\vm\classfile\systemDictionary.cpp, line 199]
Event: 9.710 Thread 0x17747400 Exception <a 'java/lang/ArrayIndexOutOfBoundsException'> (0x0721a890) thrown at [C:\re\workspace\8-2-build-windows-i586-cygwin\jdk8u171\10807\hotspot\src\share\vm\runtime\sharedRuntime.cpp, line 605]
Event: 9.730 Thread 0x17747400 Exception <a 'java/lang/ArrayIndexOutOfBoundsException'> (0x0729f528) thrown at [C:\re\workspace\8-2-build-windows-i586-cygwin\jdk8u171\10807\hotspot\src\share\vm\runtime\sharedRuntime.cpp, line 605]
Event: 9.730 Thread 0x17747400 Exception <a 'java/lang/ArrayIndexOutOfBoundsException'> (0x072a0550) thrown at [C:\re\workspace\8-2-build-windows-i586-cygwin\jdk8u171\10807\hotspot\src\share\vm\runtime\sharedRuntime.cpp, line 605]
Event: 11.682 Thread 0x17747400 Exception <a 'java/lang/ArrayIndexOutOfBoundsException'> (0x074fb8c8) thrown at [C:\re\workspace\8-2-build-windows-i586-cygwin\jdk8u171\10807\hotspot\src\share\vm\runtime\sharedRuntime.cpp, line 605]
Event: 11.682 Thread 0x17747400 Exception <a 'java/lang/ArrayIndexOutOfBoundsException'> (0x074fc718) thrown at [C:\re\workspace\8-2-build-windows-i586-cygwin\jdk8u171\10807\hotspot\src\share\vm\runtime\sharedRuntime.cpp, line 605]
Event: 11.682 Thread 0x17747400 Exception <a 'java/lang/ArrayIndexOutOfBoundsException'> (0x074fdea0) thrown at [C:\re\workspace\8-2-build-windows-i586-cygwin\jdk8u171\10807\hotspot\src\share\vm\runtime\sharedRuntime.cpp, line 605]
Event: 11.687 Thread 0x17747400 Exception <a 'java/lang/ArrayIndexOutOfBoundsException'> (0x075222f0) thrown at [C:\re\workspace\8-2-build-windows-i586-cygwin\jdk8u171\10807\hotspot\src\share\vm\runtime\sharedRuntime.cpp, line 605]

Events (10 events):
Event: 11.716 loading class javafx/scene/control/TableRow
Event: 11.716 loading class javafx/scene/control/TableRow done
Event: 11.718 loading class com/sun/javafx/scene/control/SizeLimitedList
Event: 11.718 loading class com/sun/javafx/scene/control/SizeLimitedList done
Event: 11.718 loading class javafx/collections/ListChangeListener$Change
Event: 11.718 loading class javafx/collections/ListChangeListener$Change done
Event: 11.718 loading class javafx/collections/ListChangeListener$Change
Event: 11.718 loading class javafx/collections/ListChangeListener$Change done
Event: 11.719 loading class com/sun/javafx/scene/control/behavior/TableViewBehaviorBase
Event: 11.719 loading class com/sun/javafx/scene/control/behavior/TableViewBehaviorBase done


Dynamic libraries:
0x00f10000 - 0x00f43000 	D:\CodeSoft\Java\jdk_8u171_32\bin\javaw.exe
0x77700000 - 0x7788d000 	C:\WINDOWS\SYSTEM32\ntdll.dll
0x775a0000 - 0x77670000 	C:\WINDOWS\System32\KERNEL32.DLL
0x76f90000 - 0x77167000 	C:\WINDOWS\System32\KERNELBASE.dll
0x77210000 - 0x77288000 	C:\WINDOWS\System32\ADVAPI32.dll
0x75a80000 - 0x75b3d000 	C:\WINDOWS\System32\msvcrt.dll
0x75d50000 - 0x75d93000 	C:\WINDOWS\System32\sechost.dll
0x75da0000 - 0x75e5e000 	C:\WINDOWS\System32\RPCRT4.dll
0x74020000 - 0x74040000 	C:\WINDOWS\System32\SspiCli.dll
0x75c30000 - 0x75c3a000 	C:\WINDOWS\System32\CRYPTBASE.dll
0x776a0000 - 0x776f7000 	C:\WINDOWS\System32\bcryptPrimitives.dll
0x77290000 - 0x77405000 	C:\WINDOWS\System32\USER32.dll
0x76390000 - 0x763a6000 	C:\WINDOWS\System32\win32u.dll
0x74200000 - 0x74222000 	C:\WINDOWS\System32\GDI32.dll
0x74040000 - 0x7419e000 	C:\WINDOWS\System32\gdi32full.dll
0x75cd0000 - 0x75d4c000 	C:\WINDOWS\System32\msvcp_win.dll
0x77440000 - 0x77557000 	C:\WINDOWS\System32\ucrtbase.dll
0x6eb00000 - 0x6ed11000 	C:\WINDOWS\WinSxS\x86_microsoft.windows.common-controls_6595b64144ccf1df_6.0.16299.309_none_5d7d0b9ba7da9417\COMCTL32.dll
0x76cb0000 - 0x76ef6000 	C:\WINDOWS\System32\combase.dll
0x77670000 - 0x77695000 	C:\WINDOWS\System32\IMM32.DLL
0x612e0000 - 0x6139f000 	D:\CodeSoft\Java\jdk_8u171_32\jre\bin\msvcr100.dll
0x65bb0000 - 0x65f81000 	D:\CodeSoft\Java\jdk_8u171_32\jre\bin\client\jvm.dll
0x76c30000 - 0x76c36000 	C:\WINDOWS\System32\PSAPI.DLL
0x74010000 - 0x74018000 	C:\WINDOWS\SYSTEM32\VERSION.dll
0x70ac0000 - 0x70ae4000 	C:\WINDOWS\SYSTEM32\WINMM.dll
0x6cce0000 - 0x6cce8000 	C:\WINDOWS\SYSTEM32\WSOCK32.dll
0x76220000 - 0x76286000 	C:\WINDOWS\System32\WS2_32.dll
0x70940000 - 0x70963000 	C:\WINDOWS\SYSTEM32\winmmbase.dll
0x77560000 - 0x77598000 	C:\WINDOWS\System32\cfgmgr32.dll
0x65ba0000 - 0x65bac000 	D:\CodeSoft\Java\jdk_8u171_32\jre\bin\verify.dll
0x65b70000 - 0x65b92000 	D:\CodeSoft\Java\jdk_8u171_32\jre\bin\java.dll
0x65b50000 - 0x65b64000 	D:\CodeSoft\Java\jdk_8u171_32\jre\bin\zip.dll
0x74230000 - 0x75563000 	C:\WINDOWS\System32\SHELL32.dll
0x76ba0000 - 0x76c28000 	C:\WINDOWS\System32\shcore.dll
0x76410000 - 0x769d6000 	C:\WINDOWS\System32\windows.storage.dll
0x761d0000 - 0x76215000 	C:\WINDOWS\System32\shlwapi.dll
0x76030000 - 0x7603e000 	C:\WINDOWS\System32\kernel.appcore.dll
0x76c60000 - 0x76ca5000 	C:\WINDOWS\System32\powrprof.dll
0x769e0000 - 0x769f4000 	C:\WINDOWS\System32\profapi.dll
0x612d0000 - 0x612d3000 	D:\CodeSoft\Java\jdk_8u171_32\jre\bin\api-ms-win-core-console-l1-1-0.dll
0x612c0000 - 0x612c3000 	D:\CodeSoft\Java\jdk_8u171_32\jre\bin\api-ms-win-core-datetime-l1-1-0.dll
0x612b0000 - 0x612b3000 	D:\CodeSoft\Java\jdk_8u171_32\jre\bin\api-ms-win-core-debug-l1-1-0.dll
0x612a0000 - 0x612a3000 	D:\CodeSoft\Java\jdk_8u171_32\jre\bin\api-ms-win-core-errorhandling-l1-1-0.dll
0x61290000 - 0x61294000 	D:\CodeSoft\Java\jdk_8u171_32\jre\bin\api-ms-win-core-file-l1-1-0.dll
0x61280000 - 0x61283000 	D:\CodeSoft\Java\jdk_8u171_32\jre\bin\api-ms-win-core-file-l1-2-0.dll
0x61270000 - 0x61273000 	D:\CodeSoft\Java\jdk_8u171_32\jre\bin\api-ms-win-core-file-l2-1-0.dll
0x61260000 - 0x61263000 	D:\CodeSoft\Java\jdk_8u171_32\jre\bin\api-ms-win-core-handle-l1-1-0.dll
0x61250000 - 0x61253000 	D:\CodeSoft\Java\jdk_8u171_32\jre\bin\api-ms-win-core-heap-l1-1-0.dll
0x61240000 - 0x61243000 	D:\CodeSoft\Java\jdk_8u171_32\jre\bin\api-ms-win-core-interlocked-l1-1-0.dll
0x61080000 - 0x61083000 	D:\CodeSoft\Java\jdk_8u171_32\jre\bin\api-ms-win-core-libraryloader-l1-1-0.dll
0x61070000 - 0x61073000 	D:\CodeSoft\Java\jdk_8u171_32\jre\bin\api-ms-win-core-localization-l1-2-0.dll
0x61060000 - 0x61063000 	D:\CodeSoft\Java\jdk_8u171_32\jre\bin\api-ms-win-core-memory-l1-1-0.dll
0x61050000 - 0x61053000 	D:\CodeSoft\Java\jdk_8u171_32\jre\bin\api-ms-win-core-namedpipe-l1-1-0.dll
0x61040000 - 0x61043000 	D:\CodeSoft\Java\jdk_8u171_32\jre\bin\api-ms-win-core-processenvironment-l1-1-0.dll
0x61030000 - 0x61033000 	D:\CodeSoft\Java\jdk_8u171_32\jre\bin\api-ms-win-core-processthreads-l1-1-0.dll
0x61020000 - 0x61023000 	D:\CodeSoft\Java\jdk_8u171_32\jre\bin\api-ms-win-core-processthreads-l1-1-1.dll
0x61010000 - 0x61013000 	D:\CodeSoft\Java\jdk_8u171_32\jre\bin\api-ms-win-core-profile-l1-1-0.dll
0x61000000 - 0x61003000 	D:\CodeSoft\Java\jdk_8u171_32\jre\bin\api-ms-win-core-rtlsupport-l1-1-0.dll
0x60ff0000 - 0x60ff3000 	D:\CodeSoft\Java\jdk_8u171_32\jre\bin\api-ms-win-core-string-l1-1-0.dll
0x60fe0000 - 0x60fe3000 	D:\CodeSoft\Java\jdk_8u171_32\jre\bin\api-ms-win-core-synch-l1-1-0.dll
0x60fd0000 - 0x60fd3000 	D:\CodeSoft\Java\jdk_8u171_32\jre\bin\api-ms-win-core-synch-l1-2-0.dll
0x60fc0000 - 0x60fc3000 	D:\CodeSoft\Java\jdk_8u171_32\jre\bin\api-ms-win-core-sysinfo-l1-1-0.dll
0x60fb0000 - 0x60fb3000 	D:\CodeSoft\Java\jdk_8u171_32\jre\bin\api-ms-win-core-timezone-l1-1-0.dll
0x60fa0000 - 0x60fa3000 	D:\CodeSoft\Java\jdk_8u171_32\jre\bin\api-ms-win-core-util-l1-1-0.dll
0x60f90000 - 0x60f93000 	D:\CodeSoft\Java\jdk_8u171_32\jre\bin\api-ms-win-crt-conio-l1-1-0.dll
0x60f80000 - 0x60f84000 	D:\CodeSoft\Java\jdk_8u171_32\jre\bin\api-ms-win-crt-convert-l1-1-0.dll
0x60f70000 - 0x60f73000 	D:\CodeSoft\Java\jdk_8u171_32\jre\bin\api-ms-win-crt-environment-l1-1-0.dll
0x60f60000 - 0x60f63000 	D:\CodeSoft\Java\jdk_8u171_32\jre\bin\api-ms-win-crt-filesystem-l1-1-0.dll
0x60f50000 - 0x60f53000 	D:\CodeSoft\Java\jdk_8u171_32\jre\bin\api-ms-win-crt-heap-l1-1-0.dll
0x60f40000 - 0x60f43000 	D:\CodeSoft\Java\jdk_8u171_32\jre\bin\api-ms-win-crt-locale-l1-1-0.dll
0x60f30000 - 0x60f35000 	D:\CodeSoft\Java\jdk_8u171_32\jre\bin\api-ms-win-crt-math-l1-1-0.dll
0x60f20000 - 0x60f25000 	D:\CodeSoft\Java\jdk_8u171_32\jre\bin\api-ms-win-crt-multibyte-l1-1-0.dll
0x60f10000 - 0x60f20000 	D:\CodeSoft\Java\jdk_8u171_32\jre\bin\api-ms-win-crt-private-l1-1-0.dll
0x60f00000 - 0x60f03000 	D:\CodeSoft\Java\jdk_8u171_32\jre\bin\api-ms-win-crt-process-l1-1-0.dll
0x60ef0000 - 0x60ef4000 	D:\CodeSoft\Java\jdk_8u171_32\jre\bin\api-ms-win-crt-runtime-l1-1-0.dll
0x60ee0000 - 0x60ee4000 	D:\CodeSoft\Java\jdk_8u171_32\jre\bin\api-ms-win-crt-stdio-l1-1-0.dll
0x60ed0000 - 0x60ed4000 	D:\CodeSoft\Java\jdk_8u171_32\jre\bin\api-ms-win-crt-string-l1-1-0.dll
0x60ec0000 - 0x60ec3000 	D:\CodeSoft\Java\jdk_8u171_32\jre\bin\api-ms-win-crt-time-l1-1-0.dll
0x60eb0000 - 0x60eb3000 	D:\CodeSoft\Java\jdk_8u171_32\jre\bin\api-ms-win-crt-utility-l1-1-0.dll
0x60d90000 - 0x60ea8000 	D:\CodeSoft\Java\jdk_8u171_32\jre\bin\ucrtbase.dll
0x60d50000 - 0x60d8b000 	D:\CodeSoft\Java\jdk_8u171_32\jre\bin\concrt140.dll
0x60c80000 - 0x60c95000 	C:\WINDOWS\SYSTEM32\VCRUNTIME140.dll
0x60cd0000 - 0x60d41000 	C:\WINDOWS\SYSTEM32\MSVCP140.dll
0x60cb0000 - 0x60cc4000 	D:\CodeSoft\Java\jdk_8u171_32\jre\bin\vcruntime140.dll
0x60c10000 - 0x60c7c000 	D:\CodeSoft\Java\jdk_8u171_32\jre\bin\msvcp140.dll
0x60bf0000 - 0x60c0f000 	D:\CodeSoft\Java\jdk_8u171_32\jre\bin\prism_d3d.dll
0x69cc0000 - 0x69e2c000 	C:\WINDOWS\system32\d3d9.dll
0x6f160000 - 0x6f183000 	C:\WINDOWS\SYSTEM32\dwmapi.dll
0x6f3e0000 - 0x6f459000 	C:\WINDOWS\system32\uxtheme.dll
0x76040000 - 0x761c2000 	C:\WINDOWS\System32\crypt32.dll
0x76c50000 - 0x76c5e000 	C:\WINDOWS\System32\MSASN1.dll
0x76a00000 - 0x76a46000 	C:\WINDOWS\System32\WINTRUST.DLL
0x77410000 - 0x77429000 	C:\WINDOWS\System32\imagehlp.dll
0x72110000 - 0x72123000 	C:\WINDOWS\SYSTEM32\CRYPTSP.dll
0x720e0000 - 0x7210f000 	C:\WINDOWS\system32\rsaenh.dll
0x720c0000 - 0x720d9000 	C:\WINDOWS\SYSTEM32\bcrypt.dll
0x68a50000 - 0x68c4f000 	C:\WINDOWS\system32\nvspcap.dll
0x76290000 - 0x76387000 	C:\WINDOWS\System32\ole32.dll
0x704c0000 - 0x704e8000 	C:\WINDOWS\SYSTEM32\ntmarta.dll
0x60bb0000 - 0x60be8000 	D:\CodeSoft\Java\jdk_8u171_32\jre\bin\glass.dll
0x75570000 - 0x75644000 	C:\WINDOWS\System32\COMDLG32.dll
0x77170000 - 0x77203000 	C:\WINDOWS\System32\OLEAUT32.dll
0x76a50000 - 0x76b94000 	C:\WINDOWS\System32\MSCTF.dll
0x68980000 - 0x68a44000 	C:\WINDOWS\System32\DriverStore\FileRepository\nvaci.inf_amd64_2c4bd92aa476af37\nvldumd.dll
0x67ad0000 - 0x68974000 	C:\WINDOWS\System32\DriverStore\FileRepository\nvaci.inf_amd64_2c4bd92aa476af37\nvd3dum.dll
0x60ca0000 - 0x60cb0000 	D:\CodeSoft\Java\jdk_8u171_32\jre\bin\javafx_font.dll
0x6cfc0000 - 0x6d240000 	C:\WINDOWS\SYSTEM32\dwrite.dll
0x75c40000 - 0x75cc2000 	C:\WINDOWS\System32\clbcatq.dll
0x6b0f0000 - 0x6b25e000 	C:\WINDOWS\SYSTEM32\WindowsCodecs.dll
0x6cef0000 - 0x6cf38000 	C:\WINDOWS\system32\dataexchange.dll
0x69980000 - 0x69bbe000 	C:\WINDOWS\system32\d3d11.dll
0x69bc0000 - 0x69cbe000 	C:\WINDOWS\system32\dcomp.dll
0x698e0000 - 0x69973000 	C:\WINDOWS\system32\dxgi.dll
0x697a0000 - 0x698d4000 	C:\WINDOWS\system32\twinapi.appcore.dll
0x6e690000 - 0x6e6aa000 	C:\WINDOWS\system32\RMCLIENT.dll
0x60b80000 - 0x60ba8000 	C:\Program Files (x86)\Common Files\Microsoft Shared\Ink\rtscom.dll
0x66330000 - 0x663a7000 	C:\WINDOWS\System32\TextInputFramework.dll
0x660f0000 - 0x66324000 	C:\WINDOWS\System32\CoreUIComponents.dll
0x66060000 - 0x660ec000 	C:\WINDOWS\System32\CoreMessaging.dll
0x65f90000 - 0x6605b000 	C:\WINDOWS\SYSTEM32\wintypes.dll
0x60b70000 - 0x60b7f000 	D:\CodeSoft\Java\jdk_8u171_32\jre\bin\prism_common.dll
0x66480000 - 0x6655f000 	C:\WINDOWS\system32\msctfuimanager.dll
0x659b0000 - 0x65b1f000 	C:\WINDOWS\system32\DUI70.dll
0x66400000 - 0x6647a000 	C:\WINDOWS\system32\DUser.dll
0x65810000 - 0x659ae000 	C:\WINDOWS\SYSTEM32\UIAutomationCore.dll
0x65780000 - 0x65806000 	C:\WINDOWS\SYSTEM32\sxs.dll
0x663b0000 - 0x663f1000 	C:\WINDOWS\System32\UIAnimation.dll
0x665a0000 - 0x665f6000 	C:\Windows\System32\oleacc.dll

VM Arguments:
jvm_args: -Dfile.encoding=UTF-8 
java_command: application.Main
java_class_path (initial): D:\CodeSoft\Java\jdk_8u171_32\jre\lib\resources.jar;D:\CodeSoft\Java\jdk_8u171_32\jre\lib\rt.jar;D:\CodeSoft\Java\jdk_8u171_32\jre\lib\jsse.jar;D:\CodeSoft\Java\jdk_8u171_32\jre\lib\jce.jar;D:\CodeSoft\Java\jdk_8u171_32\jre\lib\charsets.jar;D:\CodeSoft\Java\jdk_8u171_32\jre\lib\jfr.jar;D:\CodeSoft\Java\jdk_8u171_32\jre\lib\ext\access-bridge-32.jar;D:\CodeSoft\Java\jdk_8u171_32\jre\lib\ext\cldrdata.jar;D:\CodeSoft\Java\jdk_8u171_32\jre\lib\ext\dnsns.jar;D:\CodeSoft\Java\jdk_8u171_32\jre\lib\ext\jaccess.jar;D:\CodeSoft\Java\jdk_8u171_32\jre\lib\ext\jfxrt.jar;D:\CodeSoft\Java\jdk_8u171_32\jre\lib\ext\localedata.jar;D:\CodeSoft\Java\jdk_8u171_32\jre\lib\ext\nashorn.jar;D:\CodeSoft\Java\jdk_8u171_32\jre\lib\ext\sunec.jar;D:\CodeSoft\Java\jdk_8u171_32\jre\lib\ext\sunjce_provider.jar;D:\CodeSoft\Java\jdk_8u171_32\jre\lib\ext\sunmscapi.jar;D:\CodeSoft\Java\jdk_8u171_32\jre\lib\ext\sunpkcs11.jar;D:\CodeSoft\Java\jdk_8u171_32\jre\lib\ext\zipfs.jar;E:\document\JavaCode\MyMarket\bin;E:\document\JavaCode\MyMarket\src\lib\json-lib-2.4-jdk15.jar;E:\document\JavaCode\MyMarket\src\lib\commons-lang-2.4.jar;E:\document\JavaCode\MyMarket\src\lib\ezmorph-1.0.4.jar;E:\document\JavaCode\MyMarket\src\lib\commons-logging-1.1.1.jar;E:\document\JavaCode\MyMarket\src\lib\commons-collections.jar;E:\document\JavaCode\MyMarket\src\lib\commons-beanutils-1.9.3.jar
Launcher Type: SUN_STANDARD

Environment Variables:
JAVA_HOME=D:\CodeSoft\Java\
PATH=D:/CodeSoft/Java//jdk_8u171_32/bin/../jre/bin/client;D:/CodeSoft/Java//jdk_8u171_32/bin/../jre/bin;D:/CodeSoft/Java//jdk_8u171_32/bin/../jre/lib/i386;.;C:\WINDOWS\system32;C:\WINDOWS;C:\WINDOWS\System32\Wbem;C:\WINDOWS\System32\WindowsPowerShell\v1.0\;C:\Users\GT\.dnx\bin;C:\Program Files\Microsoft DNX\Dnvm\;D:\Git\Git\cmd;C:\ProgramData\ComposerSetup\bin;C:\Program Files (x86)\NVIDIA Corporation\PhysX\Common;C:\WINDOWS\system32;C:\WINDOWS;C:\WINDOWS\System32\Wbem;C:\WINDOWS\System32\WindowsPowerShell\v1.0\;D:\CodeSoft\nodejs\;D:\CodeSoft\Java\\jdk_8u171_32\bin;C:\Program Files\dotnet\;D:\CodeSoft\Amp\xampp\mysql\bin;D:\CodeSoft\Amp\xampp\php;D:\CodeSoft\Ruby\Ruby25-x64\bin;D:\CodeSoft\python\python36\Scripts\;D:\CodeSoft\python\python36\;D:\CodeSoft\python\python36\Lib\site-packages\Django-2.0-py3.6.egg\django\;C:\Users\GT\AppData\Local\Microsoft\WindowsApps;D:\wget64\;C:\Users\GT\AppData\Roaming\npm;C:\WINDOWS\system32;
USERNAME=GT
OS=Windows_NT
PROCESSOR_IDENTIFIER=Intel64 Family 6 Model 60 Stepping 3, GenuineIntel



---------------  S Y S T E M  ---------------

OS: Windows 10.0 , 64 bit Build 16299 (10.0.16299.15)

CPU:total 4 (initial active 4) (2 cores per cpu, 2 threads per core) family 6 model 60 stepping 3, cmov, cx8, fxsr, mmx, sse, sse2, sse3, ssse3, sse4.1, sse4.2, popcnt, avx, avx2, aes, clmul, erms, lzcnt, ht, tsc, tscinvbit, bmi1, bmi2

Memory: 4k page, physical 8277272k(3835264k free), swap 16665880k(9600764k free)

vm_info: Java HotSpot(TM) Client VM (25.171-b11) for windows-x86 JRE (1.8.0_171-b11), built on Mar 28 2018 14:51:22 by "java_re" with MS VC++ 10.0 (VS2010)

time: Wed Apr 11 15:26:44 2018
elapsed time: 11 seconds (0d 0h 0m 11s)

